Performing C++ SOURCE FILE Test COMPILER_KNOWS_STDLIB failed with the following output:
Change Dir: /home/VikingTibia1097/src/CMakeFiles/CMakeTmp

Run Build Command:/usr/bin/make "cmTryCompileExec182899058/fast"
/usr/bin/make -f CMakeFiles/cmTryCompileExec182899058.dir/build.make CMakeFiles/cmTryCompileExec182899058.dir/build
make[1]: Entering directory `/home/VikingTibia1097/src/CMakeFiles/CMakeTmp'
/usr/bin/cmake -E cmake_progress_report /home/VikingTibia1097/src/CMakeFiles/CMakeTmp/CMakeFiles 1
Building CXX object CMakeFiles/cmTryCompileExec182899058.dir/src.cxx.o
/usr/bin/c++    -Wall -Werror -pipe -fno-strict-aliasing -std=c++11 -DCOMPILER_KNOWS_STDLIB   -stdlib=libc++ -o CMakeFiles/cmTryCompileExec182899058.dir/src.cxx.o -c /home/VikingTibia1097/src/CMakeFiles/CMakeTmp/src.cxx
c++: error: unrecognized command line option '-stdlib=libc++'
make[1]: *** [CMakeFiles/cmTryCompileExec182899058.dir/src.cxx.o] Error 1
make[1]: Leaving directory `/home/VikingTibia1097/src/CMakeFiles/CMakeTmp'
make: *** [cmTryCompileExec182899058/fast] Error 2

Source file was:
int main() { return 0;}
Determining if the pthread_create exist failed with the following output:
Change Dir: /home/VikingTibia1097/src/CMakeFiles/CMakeTmp

Run Build Command:/usr/bin/make "cmTryCompileExec1223381581/fast"
/usr/bin/make -f CMakeFiles/cmTryCompileExec1223381581.dir/build.make CMakeFiles/cmTryCompileExec1223381581.dir/build
make[1]: Entering directory `/home/VikingTibia1097/src/CMakeFiles/CMakeTmp'
/usr/bin/cmake -E cmake_progress_report /home/VikingTibia1097/src/CMakeFiles/CMakeTmp/CMakeFiles 1
Building C object CMakeFiles/cmTryCompileExec1223381581.dir/CheckSymbolExists.c.o
/usr/bin/cc    -o CMakeFiles/cmTryCompileExec1223381581.dir/CheckSymbolExists.c.o   -c /home/VikingTibia1097/src/CMakeFiles/CMakeTmp/CheckSymbolExists.c
Linking C executable cmTryCompileExec1223381581
/usr/bin/cmake -E cmake_link_script CMakeFiles/cmTryCompileExec1223381581.dir/link.txt --verbose=1
/usr/bin/cc       CMakeFiles/cmTryCompileExec1223381581.dir/CheckSymbolExists.c.o  -o cmTryCompileExec1223381581 -rdynamic 
CMakeFiles/cmTryCompileExec1223381581.dir/CheckSymbolExists.c.o: In function `main':
CheckSymbolExists.c:(.text+0x16): undefined reference to `pthread_create'
collect2: error: ld returned 1 exit status
make[1]: Leaving directory `/home/VikingTibia1097/src/CMakeFiles/CMakeTmp'
make[1]: *** [cmTryCompileExec1223381581] Error 1
make: *** [cmTryCompileExec1223381581/fast] Error 2

File /home/VikingTibia1097/src/CMakeFiles/CMakeTmp/CheckSymbolExists.c:
/* */
#include <pthread.h>

int main(int argc, char** argv)
{
  (void)argv;
#ifndef pthread_create
  return ((int*)(&pthread_create))[argc];
#else
  (void)argc;
  return 0;
#endif
}

Determining if the function pthread_create exists in the pthreads failed with the following output:
Change Dir: /home/VikingTibia1097/src/CMakeFiles/CMakeTmp

Run Build Command:/usr/bin/make "cmTryCompileExec4126990896/fast"
/usr/bin/make -f CMakeFiles/cmTryCompileExec4126990896.dir/build.make CMakeFiles/cmTryCompileExec4126990896.dir/build
make[1]: Entering directory `/home/VikingTibia1097/src/CMakeFiles/CMakeTmp'
/usr/bin/cmake -E cmake_progress_report /home/VikingTibia1097/src/CMakeFiles/CMakeTmp/CMakeFiles 1
Building C object CMakeFiles/cmTryCompileExec4126990896.dir/CheckFunctionExists.c.o
/usr/bin/cc   -DCHECK_FUNCTION_EXISTS=pthread_create   -o CMakeFiles/cmTryCompileExec4126990896.dir/CheckFunctionExists.c.o   -c /usr/share/cmake-2.8/Modules/CheckFunctionExists.c
Linking C executable cmTryCompileExec4126990896
/usr/bin/cmake -E cmake_link_script CMakeFiles/cmTryCompileExec4126990896.dir/link.txt --verbose=1
/usr/bin/cc   -DCHECK_FUNCTION_EXISTS=pthread_create    CMakeFiles/cmTryCompileExec4126990896.dir/CheckFunctionExists.c.o  -o cmTryCompileExec4126990896 -rdynamic -lpthreads 
/usr/bin/ld: cannot find -lpthreads
collect2: error: ld returned 1 exit status
make[1]: *** [cmTryCompileExec4126990896] Error 1
make[1]: Leaving directory `/home/VikingTibia1097/src/CMakeFiles/CMakeTmp'
make: *** [cmTryCompileExec4126990896/fast] Error 2


